<?xml version="1.0" encoding="UTF-8"?>
<testsuite name="Spek" tests="0" skipped="0" failures="0" errors="0" time="0.006" hostname="marcelo-zbook" timestamp="2019-12-10T16:21:12">
<properties>
<property name="awt.toolkit" value="sun.awt.X11.XToolkit"/>
<property name="file.encoding" value="UTF-8"/>
<property name="file.encoding.pkg" value="sun.io"/>
<property name="file.separator" value="/"/>
<property name="java.awt.graphicsenv" value="sun.awt.X11GraphicsEnvironment"/>
<property name="java.awt.printerjob" value="sun.print.PSPrinterJob"/>
<property name="java.class.path" value="/home/marcelo/hpprojects/kalexa-sdk/kalexa-persistent-attributes/build/classes/java/test:/home/marcelo/hpprojects/kalexa-sdk/kalexa-persistent-attributes/build/classes/kotlin/test:/home/marcelo/hpprojects/kalexa-sdk/kalexa-persistent-attributes/build/resources/test:/home/marcelo/hpprojects/kalexa-sdk/kalexa-persistent-attributes/build/classes/java/main:/home/marcelo/hpprojects/kalexa-sdk/kalexa-persistent-attributes/build/classes/kotlin/main:/home/marcelo/hpprojects/kalexa-sdk/kalexa-persistent-attributes/build/resources/main:/home/marcelo/hpprojects/kalexa-sdk/kalexa-core/build/libs/kalexa-core-0.5.0.jar:/home/marcelo/hpprojects/kalexa-sdk/kalexa-model/build/libs/kalexa-model-0.5.0.jar:/home/marcelo/.gradle/caches/modules-2/files-2.1/org.jetbrains.kotlin/kotlin-stdlib-jdk8/1.3.61/e91d61b7cfd9a45566b580fef18bbd5c32d505b5/kotlin-stdlib-jdk8-1.3.61.jar:/home/marcelo/.gradle/caches/modules-2/files-2.1/com.fasterxml.jackson.module/jackson-module-kotlin/2.9.8/7ea1867daf999d6a3028362a0418da44b751bc13/jackson-module-kotlin-2.9.8.jar:/home/marcelo/.gradle/caches/modules-2/files-2.1/com.amazonaws/aws-lambda-java-log4j2/1.1.0/8b03764605572f6c849e203f876176dffc8a78e/aws-lambda-java-log4j2-1.1.0.jar:/home/marcelo/.gradle/caches/modules-2/files-2.1/com.amazonaws/aws-lambda-java-core/1.2.0/d2b13f39c8052d71328a8d127a2a216bd6d62143/aws-lambda-java-core-1.2.0.jar:/home/marcelo/.gradle/caches/modules-2/files-2.1/com.amazonaws/aws-java-sdk-dynamodb/1.11.688/892db4dcfdcd8ba17c4ce8e004eb0835844381a7/aws-java-sdk-dynamodb-1.11.688.jar:/home/marcelo/.gradle/caches/modules-2/files-2.1/org.jetbrains.spek/spek-junit-platform-engine/1.1.5/84bbc6c2b61230b5921458b87332672d08fdc1e3/spek-junit-platform-engine-1.1.5.jar:/home/marcelo/.gradle/caches/modules-2/files-2.1/org.jetbrains.spek/spek-api/1.1.5/bc19a88a54bb18edc9dd64d79b42f32b3215f1ca/spek-api-1.1.5.jar:/home/marcelo/.gradle/caches/modules-2/files-2.1/org.jetbrains.kotlin/kotlin-test-junit/1.3.61/c04d4425ea7f7fb0c755cf68651f9d25d284837d/kotlin-test-junit-1.3.61.jar:/home/marcelo/.gradle/caches/modules-2/files-2.1/io.mockk/mockk/1.9.1/5058fc2840d2247795bc94afa609c824a06520f9/mockk-1.9.1.jar:/home/marcelo/.gradle/caches/modules-2/files-2.1/io.mockk/mockk-dsl-jvm/1.9.1/8f4e5f96e6dc2f26793184383d8bdaeabb78f71a/mockk-dsl-jvm-1.9.1.jar:/home/marcelo/.gradle/caches/modules-2/files-2.1/org.jetbrains.kotlin/kotlin-reflect/1.3.61/2e07c9a84c9e118efb70eede7e579fd663932122/kotlin-reflect-1.3.61.jar:/home/marcelo/.gradle/caches/modules-2/files-2.1/commons-io/commons-io/2.5/2852e6e05fbb95076fc091f6d1780f1f8fe35e0f/commons-io-2.5.jar:/home/marcelo/.gradle/caches/modules-2/files-2.1/org.apache.commons/commons-lang3/3.1/905075e6c80f206bbe6cf1e809d2caa69f420c76/commons-lang3-3.1.jar:/home/marcelo/.gradle/caches/modules-2/files-2.1/com.google.guava/guava/27.0.1-jre/bd41a290787b5301e63929676d792c507bbc00ae/guava-27.0.1-jre.jar:/home/marcelo/.gradle/caches/modules-2/files-2.1/org.jetbrains.kotlin/kotlin-stdlib-jdk7/1.3.61/70dffc5f8ac5ea7c34f30deac5b9d8b1d48af066/kotlin-stdlib-jdk7-1.3.61.jar:/home/marcelo/.gradle/caches/modules-2/files-2.1/org.jetbrains.kotlin/kotlin-test/1.3.61/a5931cd3af2c9648e3fa1459fc4968f733aafdb2/kotlin-test-1.3.61.jar:/home/marcelo/.gradle/caches/modules-2/files-2.1/org.jetbrains.kotlin/kotlin-stdlib/1.3.61/4702105e97f7396ae41b113fdbdc180ec1eb1e36/kotlin-stdlib-1.3.61.jar:/home/marcelo/.gradle/caches/modules-2/files-2.1/com.amazonaws/aws-java-sdk-s3/1.11.688/64b409a0598aa055f3f88cafe92268dc877470a0/aws-java-sdk-s3-1.11.688.jar:/home/marcelo/.gradle/caches/modules-2/files-2.1/com.amazonaws/aws-java-sdk-kms/1.11.688/9b634d2d6e1f727a7c4e928be0373fb919309d5/aws-java-sdk-kms-1.11.688.jar:/home/marcelo/.gradle/caches/modules-2/files-2.1/com.amazonaws/aws-java-sdk-core/1.11.688/e513f187c377c4a6f5e39a6ab3df3bbe79a99bfb/aws-java-sdk-core-1.11.688.jar:/home/marcelo/.gradle/caches/modules-2/files-2.1/com.amazonaws/jmespath-java/1.11.688/106afcd1429003b562942b111e6c304cc05ee965/jmespath-java-1.11.688.jar:/home/marcelo/.gradle/caches/modules-2/files-2.1/com.fasterxml.jackson.core/jackson-databind/2.9.8/11283f21cc480aa86c4df7a0a3243ec508372ed2/jackson-databind-2.9.8.jar:/home/marcelo/.gradle/caches/modules-2/files-2.1/com.fasterxml.jackson.core/jackson-annotations/2.9.0/7c10d545325e3a6e72e06381afe469fd40eb701/jackson-annotations-2.9.0.jar:/home/marcelo/.gradle/caches/modules-2/files-2.1/org.apache.logging.log4j/log4j-core/2.8.2/979fc0cf8460302e4ffbfe38c1b66a99450b0bb7/log4j-core-2.8.2.jar:/home/marcelo/.gradle/caches/modules-2/files-2.1/org.apache.logging.log4j/log4j-api/2.8.2/e590eeb783348ce8ddef205b82127f9084d82bf3/log4j-api-2.8.2.jar:/home/marcelo/.gradle/caches/modules-2/files-2.1/org.jetbrains.kotlin/kotlin-test-annotations-common/1.3.61/d62b1dc6be222c383d1b738e10cd1f83c6f8c0d7/kotlin-test-annotations-common-1.3.61.jar:/home/marcelo/.gradle/caches/modules-2/files-2.1/junit/junit/4.12/2973d150c0dc1fefe998f834810d68f278ea58ec/junit-4.12.jar:/home/marcelo/.gradle/caches/modules-2/files-2.1/io.mockk/mockk-common/1.9.1/2c51a6b13c8735a4819d89c91b1795c8fc5b2191/mockk-common-1.9.1.jar:/home/marcelo/.gradle/caches/modules-2/files-2.1/io.mockk/mockk-agent-jvm/1.9.1/903c006fcf4864f6152a1e08ca1fa63bf40f978b/mockk-agent-jvm-1.9.1.jar:/home/marcelo/.gradle/caches/modules-2/files-2.1/com.google.guava/failureaccess/1.0.1/1dcf1de382a0bf95a3d8b0849546c88bac1292c9/failureaccess-1.0.1.jar:/home/marcelo/.gradle/caches/modules-2/files-2.1/com.google.guava/listenablefuture/9999.0-empty-to-avoid-conflict-with-guava/b421526c5f297295adef1c886e5246c39d4ac629/listenablefuture-9999.0-empty-to-avoid-conflict-with-guava.jar:/home/marcelo/.gradle/caches/modules-2/files-2.1/com.google.code.findbugs/jsr305/3.0.2/25ea2e8b0c338a877313bd4672d3fe056ea78f0d/jsr305-3.0.2.jar:/home/marcelo/.gradle/caches/modules-2/files-2.1/org.checkerframework/checker-qual/2.5.2/cea74543d5904a30861a61b4643a5f2bb372efc4/checker-qual-2.5.2.jar:/home/marcelo/.gradle/caches/modules-2/files-2.1/com.google.errorprone/error_prone_annotations/2.2.0/88e3c593e9b3586e1c6177f89267da6fc6986f0c/error_prone_annotations-2.2.0.jar:/home/marcelo/.gradle/caches/modules-2/files-2.1/com.google.j2objc/j2objc-annotations/1.1/ed28ded51a8b1c6b112568def5f4b455e6809019/j2objc-annotations-1.1.jar:/home/marcelo/.gradle/caches/modules-2/files-2.1/org.codehaus.mojo/animal-sniffer-annotations/1.17/f97ce6decaea32b36101e37979f8b647f00681fb/animal-sniffer-annotations-1.17.jar:/home/marcelo/.gradle/caches/modules-2/files-2.1/org.jetbrains.kotlin/kotlin-test-common/1.3.61/c243c22f908c91f2ad9dc767080d97dec6a33cc4/kotlin-test-common-1.3.61.jar:/home/marcelo/.gradle/caches/modules-2/files-2.1/org.jetbrains.kotlin/kotlin-stdlib-common/1.3.61/65abb71d5afb850b68be03987b08e2c864ca3110/kotlin-stdlib-common-1.3.61.jar:/home/marcelo/.gradle/caches/modules-2/files-2.1/org.jetbrains/annotations/13.0/919f0dfe192fb4e063e7dacadee7f8bb9a2672a9/annotations-13.0.jar:/home/marcelo/.gradle/caches/modules-2/files-2.1/com.fasterxml.jackson.dataformat/jackson-dataformat-cbor/2.6.7/ba9e74b11135b18248e960df657a2b86ae77a079/jackson-dataformat-cbor-2.6.7.jar:/home/marcelo/.gradle/caches/modules-2/files-2.1/com.fasterxml.jackson.core/jackson-core/2.9.8/f5a654e4675769c716e5b387830d19b501ca191/jackson-core-2.9.8.jar:/home/marcelo/.gradle/caches/modules-2/files-2.1/org.apache.httpcomponents/httpclient/4.5.9/a25c1be5ce99d0ce99aa43eb982868c796dd0775/httpclient-4.5.9.jar:/home/marcelo/.gradle/caches/modules-2/files-2.1/commons-logging/commons-logging/1.2/4bfc12adfe4842bf07b657f0369c4cb522955686/commons-logging-1.2.jar:/home/marcelo/.gradle/caches/modules-2/files-2.1/software.amazon.ion/ion-java/1.0.2/ee9dacea7726e495f8352b81c12c23834ffbc564/ion-java-1.0.2.jar:/home/marcelo/.gradle/caches/modules-2/files-2.1/joda-time/joda-time/2.8.1/f5bfc718c95a7b1d3c371bb02a188a4df18361a9/joda-time-2.8.1.jar:/home/marcelo/.gradle/caches/modules-2/files-2.1/org.hamcrest/hamcrest-core/1.3/42a25dc3219429f0e5d060061f71acb49bf010a0/hamcrest-core-1.3.jar:/home/marcelo/.gradle/caches/modules-2/files-2.1/io.mockk/mockk-dsl/1.9.1/4fd7932a2cd635d9b1266b97594654f269496edb/mockk-dsl-1.9.1.jar:/home/marcelo/.gradle/caches/modules-2/files-2.1/io.mockk/mockk-agent-common/1.9.1/e51943c5f7f9582eb330c238666746c0c9d97487/mockk-agent-common-1.9.1.jar:/home/marcelo/.gradle/caches/modules-2/files-2.1/io.mockk/mockk-agent-api/1.9.1/f836690e4bbd99fead6f55115c4e8de850095ca1/mockk-agent-api-1.9.1.jar:/home/marcelo/.gradle/caches/modules-2/files-2.1/org.objenesis/objenesis/2.6/639033469776fd37c08358c6b92a4761feb2af4b/objenesis-2.6.jar:/home/marcelo/.gradle/caches/modules-2/files-2.1/net.bytebuddy/byte-buddy/1.9.3/f32e510b239620852fc9a2387fac41fd053d6a4d/byte-buddy-1.9.3.jar:/home/marcelo/.gradle/caches/modules-2/files-2.1/net.bytebuddy/byte-buddy-agent/1.9.3/f5b78c16cf4060664d80b6ca32d80dca4bd3d264/byte-buddy-agent-1.9.3.jar:/home/marcelo/.gradle/caches/modules-2/files-2.1/org.apache.httpcomponents/httpcore/4.4.11/de748cf874e4e193b42eceea9fe5574fabb9d4df/httpcore-4.4.11.jar:/home/marcelo/.gradle/caches/modules-2/files-2.1/commons-codec/commons-codec/1.11/3acb4705652e16236558f0f4f2192cc33c3bd189/commons-codec-1.11.jar:/home/marcelo/.gradle/caches/modules-2/files-2.1/org.junit.platform/junit-platform-console/1.0.0/2931079616796bc4537f7e3c236f8fdfe7e51237/junit-platform-console-1.0.0.jar:/home/marcelo/.gradle/caches/modules-2/files-2.1/org.junit.platform/junit-platform-launcher/1.0.0/5602a195a442636276efefce2a4c7b418cd67e5c/junit-platform-launcher-1.0.0.jar:/home/marcelo/.gradle/caches/modules-2/files-2.1/org.junit.platform/junit-platform-engine/1.0.0/fdc6f63a689b894529ea5e9e218b65422748fd/junit-platform-engine-1.0.0.jar:/home/marcelo/.gradle/caches/modules-2/files-2.1/org.junit.platform/junit-platform-commons/1.0.0/d2e03d9b21020746d48fe45834ff7d71fbcbd7b2/junit-platform-commons-1.0.0.jar:/home/marcelo/.gradle/caches/modules-2/files-2.1/org.apiguardian/apiguardian-api/1.0.0/3ef5276905e36f4d8055fe3cb0bdcc7503ffc85d/apiguardian-api-1.0.0.jar:/home/marcelo/.gradle/caches/modules-2/files-2.1/org.opentest4j/opentest4j/1.0.0/6f09c598e9ff64bf0ce2fa7e7de49a99ba83c0b4/opentest4j-1.0.0.jar"/>
<property name="java.class.version" value="52.0"/>
<property name="java.endorsed.dirs" value="/usr/lib/jvm/java-8-oracle/jre/lib/endorsed"/>
<property name="java.ext.dirs" value="/usr/lib/jvm/java-8-oracle/jre/lib/ext:/usr/java/packages/lib/ext"/>
<property name="java.home" value="/usr/lib/jvm/java-8-oracle/jre"/>
<property name="java.io.tmpdir" value="/tmp"/>
<property name="java.library.path" value="/usr/java/packages/lib/amd64:/usr/lib64:/lib64:/lib:/usr/lib"/>
<property name="java.runtime.name" value="Java(TM) SE Runtime Environment"/>
<property name="java.runtime.version" value="1.8.0_201-b09"/>
<property name="java.specification.name" value="Java Platform API Specification"/>
<property name="java.specification.vendor" value="Oracle Corporation"/>
<property name="java.specification.version" value="1.8"/>
<property name="java.vendor" value="Oracle Corporation"/>
<property name="java.vendor.url" value="http://java.oracle.com/"/>
<property name="java.vendor.url.bug" value="http://bugreport.sun.com/bugreport/"/>
<property name="java.version" value="1.8.0_201"/>
<property name="java.vm.info" value="mixed mode"/>
<property name="java.vm.name" value="Java HotSpot(TM) 64-Bit Server VM"/>
<property name="java.vm.specification.name" value="Java Virtual Machine Specification"/>
<property name="java.vm.specification.vendor" value="Oracle Corporation"/>
<property name="java.vm.specification.version" value="1.8"/>
<property name="java.vm.vendor" value="Oracle Corporation"/>
<property name="java.vm.version" value="25.201-b09"/>
<property name="line.separator" value="
"/>
<property name="os.arch" value="amd64"/>
<property name="os.name" value="Linux"/>
<property name="os.version" value="4.15.0-70-generic"/>
<property name="path.separator" value=":"/>
<property name="sun.arch.data.model" value="64"/>
<property name="sun.boot.class.path" value="/usr/lib/jvm/java-8-oracle/jre/lib/resources.jar:/usr/lib/jvm/java-8-oracle/jre/lib/rt.jar:/usr/lib/jvm/java-8-oracle/jre/lib/sunrsasign.jar:/usr/lib/jvm/java-8-oracle/jre/lib/jsse.jar:/usr/lib/jvm/java-8-oracle/jre/lib/jce.jar:/usr/lib/jvm/java-8-oracle/jre/lib/charsets.jar:/usr/lib/jvm/java-8-oracle/jre/lib/jfr.jar:/usr/lib/jvm/java-8-oracle/jre/classes"/>
<property name="sun.boot.library.path" value="/usr/lib/jvm/java-8-oracle/jre/lib/amd64"/>
<property name="sun.cpu.endian" value="little"/>
<property name="sun.cpu.isalist" value=""/>
<property name="sun.desktop" value="gnome"/>
<property name="sun.io.unicode.encoding" value="UnicodeLittle"/>
<property name="sun.java.command" value="org.junit.platform.console.ConsoleLauncher --details NONE --scan-class-path /home/marcelo/hpprojects/kalexa-sdk/kalexa-persistent-attributes/build/classes/java/main:/home/marcelo/hpprojects/kalexa-sdk/kalexa-persistent-attributes/build/classes/kotlin/main:/home/marcelo/hpprojects/kalexa-sdk/kalexa-persistent-attributes/build/resources/main:/home/marcelo/hpprojects/kalexa-sdk/kalexa-persistent-attributes/build/classes/java/test:/home/marcelo/hpprojects/kalexa-sdk/kalexa-persistent-attributes/build/classes/kotlin/test:/home/marcelo/hpprojects/kalexa-sdk/kalexa-persistent-attributes/build/resources/test -n ^.*Tests?$ -e spek --reports-dir /home/marcelo/hpprojects/kalexa-sdk/kalexa-persistent-attributes/build/test-results/junit-platform"/>
<property name="sun.java.launcher" value="SUN_STANDARD"/>
<property name="sun.jnu.encoding" value="UTF-8"/>
<property name="sun.management.compiler" value="HotSpot 64-Bit Tiered Compilers"/>
<property name="sun.os.patch.level" value="unknown"/>
<property name="user.country" value="US"/>
<property name="user.dir" value="/home/marcelo/hpprojects/kalexa-sdk/kalexa-persistent-attributes"/>
<property name="user.home" value="/home/marcelo"/>
<property name="user.language" value="en"/>
<property name="user.name" value="marcelo"/>
<property name="user.timezone" value="America/Sao_Paulo"/>
<property name="user.variant" value=""/>
</properties>
<system-out><![CDATA[
unique-id: [engine:spek]
display-name: Spek
]]></system-out>
</testsuite>
